<?xml version="1.0" encoding="UTF-8"?>
<testng-results skipped="0" failed="0" ignored="0" total="1" passed="1">
  <reporter-output>
  </reporter-output>
  <suite name="Default suite" duration-ms="6653" started-at="2018-03-16T05:20:06Z" finished-at="2018-03-16T05:20:13Z">
    <groups>
    </groups>
    <test name="Default test" duration-ms="6653" started-at="2018-03-16T05:20:06Z" finished-at="2018-03-16T05:20:13Z">
      <class name="mavenProject.TestMaven.AppTest">
        <test-method status="PASS" signature="before()[pri:0, instance:mavenProject.TestMaven.AppTest@3ffc5af1]" name="before" is-config="true" duration-ms="4848" started-at="2018-03-16T05:20:06Z" finished-at="2018-03-16T05:20:11Z">
          <reporter-output>
          </reporter-output>
        </test-method> <!-- before -->
        <test-method status="PASS" signature="testgooglrsearch()[pri:0, instance:mavenProject.TestMaven.AppTest@3ffc5af1]" name="testgooglrsearch" duration-ms="1767" started-at="2018-03-16T05:20:11Z" finished-at="2018-03-16T05:20:13Z">
          <reporter-output>
          </reporter-output>
        </test-method> <!-- testgooglrsearch -->
      </class> <!-- mavenProject.TestMaven.AppTest -->
    </test> <!-- Default test -->
  </suite> <!-- Default suite -->
</testng-results>
